<?xml version="1.0" encoding="UTF-8"?>
<!-- Generated by org.testng.reporters.JUnitReportReporter -->
<testsuite hostname="MONO-HYD-LAP15" failures="0" tests="1" name="day3.LogAllOption" time="2.604" errors="0" timestamp="2023-07-04T16:56:38 IST" skipped="0">
  <testcase classname="day3.LogAllOption" name="getLogAllFeaturesOption" time="2.604"/>
  <system-out/>
</testsuite> <!-- day3.LogAllOption -->
