<?xml version="1.0" encoding="UTF-8"?>
<!-- Generated by org.testng.reporters.JUnitReportReporter -->
<testsuite hostname="MONO-HYD-LAP15" failures="0" tests="1" name="day3.TestCookies" time="2.783" errors="0" timestamp="2023-07-04T16:39:46 IST" skipped="0">
  <testcase classname="day3.TestCookies" name="getCookiesInfo" time="2.783"/>
  <system-out/>
</testsuite> <!-- day3.TestCookies -->
