<?xml version="1.0" encoding="UTF-8"?>
<!-- Generated by org.testng.reporters.JUnitReportReporter -->
<testsuite hostname="MONO-HYD-LAP15" failures="0" tests="1" name="day3.HeadersTest" time="3.128" errors="0" timestamp="2023-07-04T16:53:53 IST" skipped="0">
  <testcase classname="day3.HeadersTest" name="testHeaderInfo" time="3.128"/>
  <system-out/>
</testsuite> <!-- day3.HeadersTest -->
