<?xml version="1.0" encoding="UTF-8"?>
<!-- Generated by org.testng.reporters.JUnitReportReporter -->
<testsuite hostname="MONO-HYD-LAP15" failures="0" tests="1" name="day3.PathAndQueryParameter" time="3.102" errors="0" timestamp="2023-07-04T16:17:22 IST" skipped="0">
  <testcase classname="day3.PathAndQueryParameter" name="queryAndParameterTest" time="3.102"/>
  <system-out/>
</testsuite> <!-- day3.PathAndQueryParameter -->
