<?xml version="1.0" encoding="UTF-8"?>
<!-- Generated by org.testng.reporters.JUnitReportReporter -->
<testsuite hostname="MONO-HYD-LAP15" failures="0" tests="2" name="day2.DifferentWaysToCreatePostBody" time="2.979" errors="0" timestamp="2023-07-03T18:31:52 IST" skipped="0">
  <testcase classname="day2.DifferentWaysToCreatePostBody" name="createUserUsingExternalFile" time="2.857"/>
  <system-out/>
  <testcase classname="day2.DifferentWaysToCreatePostBody" name="deleteUser" time="0.122"/>
  <system-out/>
</testsuite> <!-- day2.DifferentWaysToCreatePostBody -->
