<?xml version="1.0" encoding="UTF-8"?>
<!-- Generated by org.testng.reporters.JUnitReportReporter -->
<testsuite hostname="MONO-HYD-LAP15" failures="0" tests="4" name="HTTPRequests" time="5.376" errors="0" timestamp="2023-07-03T15:32:42 IST" skipped="0">
  <testcase classname="HTTPRequests" name="getUser" time="3.264"/>
  <system-out/>
  <testcase classname="HTTPRequests" name="createUser" time="0.974"/>
  <system-out/>
  <testcase classname="HTTPRequests" name="updateUser" time="0.486"/>
  <system-out/>
  <testcase classname="HTTPRequests" name="deleteUser" time="0.652"/>
  <system-out/>
</testsuite> <!-- HTTPRequests -->
